ERROR:root:message
Traceback (most recent call last):
  File "tarski_test.py", line 17, in main
    status = ground_generate_task( domain_file, problem_file, None)
  File "/home/anubhav-cs/Github/tarski-tests/tarski_util.py", line 106, in ground_generate_task
    reachable_action_params =   copy.deepcopy( grounding.ground_actions())
  File "/home/anubhav-cs/Applications/tarski/src/tarski/grounding/lp_grounding.py", line 39, in ground_actions
    model = self._solve_lp()
  File "/home/anubhav-cs/Applications/tarski/src/tarski/grounding/lp_grounding.py", line 49, in _solve_lp
    lp, tr = create_reachability_lp(self.problem)
  File "/home/anubhav-cs/Applications/tarski/src/tarski/reachability/asp.py", line 21, in create_reachability_lp
    compiler.create()
  File "/home/anubhav-cs/Applications/tarski/src/tarski/reachability/asp.py", line 80, in create
    phi = remove_quantifiers(lang, action.precondition, QuantifierEliminationMode.Forall)
  File "/home/anubhav-cs/Applications/tarski/src/tarski/syntax/transform/quantifier_elimination.py", line 85, in remove_quantifiers
    return trans.convert()
  File "/home/anubhav-cs/Applications/tarski/src/tarski/syntax/transform/quantifier_elimination.py", line 73, in convert
    self.result = self._convert(self.blueprint)
  File "/home/anubhav-cs/Applications/tarski/src/tarski/syntax/transform/quantifier_elimination.py", line 55, in _convert
    raise err.UnexpectedElementType(phi)
tarski.errors.UnexpectedElementType: Unexpected type "<class 'type'>" for object "<class 'tarski.syntax.formulas.Tautology'>"
