/tmp/tmp29a9hfqe:24:19-35: info: atom does not occur in any rule head:
  chemical_atom(X)

/tmp/tmp29a9hfqe:26:26-36: info: atom does not occur in any rule head:
  calcium(X)

/tmp/tmp29a9hfqe:27:26-35: info: atom does not occur in any rule head:
  sulfur(X)

/tmp/tmp29a9hfqe:28:26-38: info: atom does not occur in any rule head:
  magnesium(X)

/tmp/tmp29a9hfqe:29:26-38: info: atom does not occur in any rule head:
  aluminium(X)

/tmp/tmp29a9hfqe:30:26-37: info: atom does not occur in any rule head:
  chromium(X)

/tmp/tmp29a9hfqe:31:26-33: info: atom does not occur in any rule head:
  iron(X)

/tmp/tmp29a9hfqe:32:26-38: info: atom does not occur in any rule head:
  manganese(X)

/tmp/tmp29a9hfqe:33:26-36: info: atom does not occur in any rule head:
  mercury(X)

/tmp/tmp29a9hfqe:34:26-34: info: atom does not occur in any rule head:
  boron(X)

/tmp/tmp29a9hfqe:35:26-35: info: atom does not occur in any rule head:
  copper(X)

/tmp/tmp29a9hfqe:36:26-38: info: atom does not occur in any rule head:
  palladium(X)

/tmp/tmp29a9hfqe:37:26-36: info: atom does not occur in any rule head:
  r_group(X)

/tmp/tmp29a9hfqe:38:20-30: info: atom does not occur in any rule head:
  halogen(X)

/tmp/tmp29a9hfqe:39:20-34: info: atom does not occur in any rule head:
  alkalimetal(X)

/tmp/tmp29a9hfqe:40:20-27: info: atom does not occur in any rule head:
  hcno(X)

/tmp/tmp29a9hfqe:41:17-22: info: atom does not occur in any rule head:
  hc(X)

/tmp/tmp29a9hfqe:47:20-31: info: atom does not occur in any rule head:
  fluorine(X)

/tmp/tmp29a9hfqe:48:20-30: info: atom does not occur in any rule head:
  bromine(X)

/tmp/tmp29a9hfqe:49:20-29: info: atom does not occur in any rule head:
  iodine(X)

ERROR:root:message
Traceback (most recent call last):
  File "tarski_test.py", line 17, in main
    status = ground_generate_task( domain_file, problem_file, None)
  File "/home/anubhav-cs/Github/tarski-tests/tarski_util.py", line 106, in ground_generate_task
    reachable_action_params =   copy.deepcopy( grounding.ground_actions())
  File "/home/anubhav-cs/Applications/tarski/src/tarski/grounding/lp_grounding.py", line 39, in ground_actions
    model = self._solve_lp()
  File "/home/anubhav-cs/Applications/tarski/src/tarski/grounding/lp_grounding.py", line 54, in _solve_lp
    raise ReachabilityLPUnsolvable()
tarski.grounding.errors.ReachabilityLPUnsolvable: The relaxed-reachabilty logic program is not solvable
