/tmp/tmpzb88s8rr:26:19-35: info: atom does not occur in any rule head:
  chemical_atom(X)

/tmp/tmpzb88s8rr:27:26-39: info: atom does not occur in any rule head:
  phosphorus(X)

/tmp/tmpzb88s8rr:28:26-36: info: atom does not occur in any rule head:
  calcium(X)

/tmp/tmpzb88s8rr:29:26-35: info: atom does not occur in any rule head:
  sulfur(X)

/tmp/tmpzb88s8rr:30:26-38: info: atom does not occur in any rule head:
  magnesium(X)

/tmp/tmpzb88s8rr:31:26-38: info: atom does not occur in any rule head:
  aluminium(X)

/tmp/tmpzb88s8rr:32:26-37: info: atom does not occur in any rule head:
  chromium(X)

/tmp/tmpzb88s8rr:33:26-33: info: atom does not occur in any rule head:
  iron(X)

/tmp/tmpzb88s8rr:34:26-38: info: atom does not occur in any rule head:
  manganese(X)

/tmp/tmpzb88s8rr:35:26-36: info: atom does not occur in any rule head:
  mercury(X)

/tmp/tmpzb88s8rr:36:26-34: info: atom does not occur in any rule head:
  boron(X)

/tmp/tmpzb88s8rr:37:26-35: info: atom does not occur in any rule head:
  copper(X)

/tmp/tmpzb88s8rr:38:26-38: info: atom does not occur in any rule head:
  palladium(X)

/tmp/tmpzb88s8rr:39:26-36: info: atom does not occur in any rule head:
  r_group(X)

/tmp/tmpzb88s8rr:40:20-30: info: atom does not occur in any rule head:
  halogen(X)

/tmp/tmpzb88s8rr:41:20-34: info: atom does not occur in any rule head:
  alkalimetal(X)

/tmp/tmpzb88s8rr:42:20-27: info: atom does not occur in any rule head:
  hcno(X)

/tmp/tmpzb88s8rr:43:17-22: info: atom does not occur in any rule head:
  hc(X)

/tmp/tmpzb88s8rr:44:17-28: info: atom does not occur in any rule head:
  nitrogen(X)

/tmp/tmpzb88s8rr:48:20-31: info: atom does not occur in any rule head:
  chlorine(X)

