ERROR:root:message
Traceback (most recent call last):
  File "tarski_test.py", line 32, in main
    status = ground_generate_task( domain_file, problem_file, None, verbose, lenient)
  File "/home/anubhav-cs/Github/tarski-tests/tarski_util.py", line 105, in ground_generate_task
    read_problem( domain_file, problem_file)
  File "/home/anubhav-cs/Applications/tarski/src/tarski/io/fstrips.py", line 43, in read_problem
    self.parse_domain(domain)
  File "/home/anubhav-cs/Applications/tarski/src/tarski/io/fstrips.py", line 53, in parse_domain
    self.parse_file(filename, 'domain')
  File "/home/anubhav-cs/Applications/tarski/src/tarski/io/fstrips.py", line 50, in parse_file
    self.parser.visit(domain_parse_tree)
  File "/usr/local/lib/python3.7/dist-packages/antlr4/tree/Tree.py", line 34, in visit
    return tree.accept(self)
  File "/home/anubhav-cs/Applications/tarski/src/tarski/io/_fstrips/parser/parser.py", line 803, in accept
    return visitor.visitDomain(self)
  File "/home/anubhav-cs/Applications/tarski/src/tarski/io/_fstrips/parser/visitor.py", line 19, in visitDomain
    return self.visitChildren(ctx)
  File "/usr/local/lib/python3.7/dist-packages/antlr4/tree/Tree.py", line 44, in visitChildren
    childResult = c.accept(self)
  File "/home/anubhav-cs/Applications/tarski/src/tarski/io/_fstrips/parser/parser.py", line 2621, in accept
    return visitor.visitStructureDef(self)
  File "/home/anubhav-cs/Applications/tarski/src/tarski/io/_fstrips/parser/visitor.py", line 169, in visitStructureDef
    return self.visitChildren(ctx)
  File "/usr/local/lib/python3.7/dist-packages/antlr4/tree/Tree.py", line 44, in visitChildren
    childResult = c.accept(self)
  File "/home/anubhav-cs/Applications/tarski/src/tarski/io/_fstrips/parser/parser.py", line 4051, in accept
    return visitor.visitDerivedDef(self)
  File "/home/anubhav-cs/Applications/tarski/src/tarski/io/_fstrips/reader.py", line 435, in visitDerivedDef
    raise UnsupportedLanguageFeature("Parsing of derived predicates in Tarski not yet implemented")
tarski.io._fstrips.reader.UnsupportedLanguageFeature: Parsing of derived predicates in Tarski not yet implemented
