ERROR:root:message
Traceback (most recent call last):
  File "tarski_test.py", line 30, in main
    status = ground_generate_task( domain_file, problem_file, None, verbose, lenient)
  File "/home/anubhav-cs/Github/tarski/tests/classical_planning-test_suite/tarski_util.py", line 101, in ground_generate_task
    read_problem( domain_file, problem_file)
  File "/home/anubhav-cs/Applications/tarski/src/tarski/io/fstrips.py", line 43, in read_problem
    self.parse_domain(domain)
  File "/home/anubhav-cs/Applications/tarski/src/tarski/io/fstrips.py", line 53, in parse_domain
    self.parse_file(filename, 'domain')
  File "/home/anubhav-cs/Applications/tarski/src/tarski/io/fstrips.py", line 49, in parse_file
    domain_parse_tree, _ = self.parser.parse_file(filename, start_rule)
  File "/home/anubhav-cs/Applications/tarski/src/tarski/io/_fstrips/reader.py", line 34, in parse_file
    return self._parse_stream(FileStream(filename, encoding='utf-8'), start_rule)
  File "/home/anubhav-cs/Applications/tarski/src/tarski/io/_fstrips/reader.py", line 42, in _parse_stream
    tree = getattr(parser, start_rule)()
  File "/home/anubhav-cs/Applications/tarski/src/tarski/io/_fstrips/parser/parser.py", line 868, in domain
    self.structureDef()
  File "/home/anubhav-cs/Applications/tarski/src/tarski/io/_fstrips/parser/parser.py", line 2639, in structureDef
    self.actionDef()
  File "/home/anubhav-cs/Applications/tarski/src/tarski/io/_fstrips/parser/parser.py", line 2731, in actionDef
    self.actionDefBody()
  File "/home/anubhav-cs/Applications/tarski/src/tarski/io/_fstrips/parser/parser.py", line 3086, in actionDefBody
    self.precondition()
  File "/home/anubhav-cs/Applications/tarski/src/tarski/io/_fstrips/parser/parser.py", line 3184, in precondition
    self.goalDesc()
  File "/home/anubhav-cs/Applications/tarski/src/tarski/io/_fstrips/parser/parser.py", line 3474, in goalDesc
    self.goalDesc()
  File "/home/anubhav-cs/Applications/tarski/src/tarski/io/_fstrips/parser/parser.py", line 3454, in goalDesc
    la_ = self._interp.adaptivePredict(self._input,34,self._ctx)
  File "/usr/local/lib/python3.7/dist-packages/antlr4/atn/ParserATNSimulator.py", line 302, in adaptivePredict
    m = input.mark()
KeyboardInterrupt
