ERROR:root:message
Traceback (most recent call last):
  File "tarski_test.py", line 30, in main
    status = ground_generate_task( domain_file, problem_file, None, verbose, lenient)
  File "/home/anubhav-cs/Github/tarski/tests/classical_planning-test_suite/tarski_util.py", line 115, in ground_generate_task
    reachable_action_params =   copy.deepcopy( grounding.ground_actions())
  File "/home/anubhav-cs/Applications/tarski/src/tarski/grounding/lp_grounding.py", line 50, in ground_actions
    model = self._solve_lp()
  File "/home/anubhav-cs/Applications/tarski/src/tarski/grounding/lp_grounding.py", line 61, in _solve_lp
    lp, tr = create_reachability_lp(self.problem, self.do_ground_actions)
  File "/home/anubhav-cs/Applications/tarski/src/tarski/reachability/asp.py", line 22, in create_reachability_lp
    compiler.create()
  File "/home/anubhav-cs/Applications/tarski/src/tarski/reachability/asp.py", line 78, in create
    self.process_action(action, lang, lp)
  File "/home/anubhav-cs/Applications/tarski/src/tarski/reachability/asp.py", line 96, in process_action
    phi = remove_quantifiers(lang, action.precondition, QuantifierEliminationMode.Forall)
  File "/home/anubhav-cs/Applications/tarski/src/tarski/syntax/transform/quantifier_elimination.py", line 85, in remove_quantifiers
    return trans.convert()
  File "/home/anubhav-cs/Applications/tarski/src/tarski/syntax/transform/quantifier_elimination.py", line 73, in convert
    self.result = self._convert(self.blueprint)
  File "/home/anubhav-cs/Applications/tarski/src/tarski/syntax/transform/quantifier_elimination.py", line 55, in _convert
    raise err.UnexpectedElementType(phi)
tarski.errors.UnexpectedElementType: Unexpected type "<class 'type'>" for object "<class 'tarski.syntax.formulas.Tautology'>"
