ERROR:root:message
Traceback (most recent call last):
  File "tarski_test.py", line 17, in main
    status = ground_generate_task( domain_file, problem_file, None)
  File "/home/anubhav-cs/Github/width-based-algos-LAPKT/tarski-test_suite/tarski_util.py", line 94, in ground_generate_task
    read_problem( domain_file, problem_file)
  File "/home/anubhav-cs/Applications/tarski/src/tarski/io/fstrips.py", line 30, in read_problem
    self.parse_domain(domain)
  File "/home/anubhav-cs/Applications/tarski/src/tarski/io/fstrips.py", line 40, in parse_domain
    self.parse_file(filename, 'domain')
  File "/home/anubhav-cs/Applications/tarski/src/tarski/io/fstrips.py", line 36, in parse_file
    domain_parse_tree, _ = self.parser.parse_file(filename, start_rule)
  File "/home/anubhav-cs/Applications/tarski/src/tarski/io/_fstrips/reader.py", line 34, in parse_file
    return self._parse_stream(FileStream(filename, encoding='utf-8'), start_rule)
  File "/home/anubhav-cs/Applications/tarski/src/tarski/io/_fstrips/reader.py", line 42, in _parse_stream
    tree = getattr(parser, start_rule)()
  File "/home/anubhav-cs/Applications/tarski/src/tarski/io/_fstrips/parser/parser.py", line 868, in domain
    self.structureDef()
  File "/home/anubhav-cs/Applications/tarski/src/tarski/io/_fstrips/parser/parser.py", line 2639, in structureDef
    self.actionDef()
  File "/home/anubhav-cs/Applications/tarski/src/tarski/io/_fstrips/parser/parser.py", line 2731, in actionDef
    self.actionDefBody()
  File "/home/anubhav-cs/Applications/tarski/src/tarski/io/_fstrips/parser/parser.py", line 3086, in actionDefBody
    self.precondition()
  File "/home/anubhav-cs/Applications/tarski/src/tarski/io/_fstrips/parser/parser.py", line 3184, in precondition
    self.goalDesc()
  File "/home/anubhav-cs/Applications/tarski/src/tarski/io/_fstrips/parser/parser.py", line 3474, in goalDesc
    self.goalDesc()
  File "/home/anubhav-cs/Applications/tarski/src/tarski/io/_fstrips/parser/parser.py", line 3454, in goalDesc
    la_ = self._interp.adaptivePredict(self._input,34,self._ctx)
  File "/usr/local/lib/python3.7/dist-packages/antlr4/atn/ParserATNSimulator.py", line 342, in adaptivePredict
    alt = self.execATN(dfa, s0, input, index, outerContext)
  File "/usr/local/lib/python3.7/dist-packages/antlr4/atn/ParserATNSimulator.py", line 465, in execATN
    input.consume()
  File "/usr/local/lib/python3.7/dist-packages/antlr4/BufferedTokenStream.py", line 99, in consume
    if self.sync(self.index + 1):
  File "/usr/local/lib/python3.7/dist-packages/antlr4/BufferedTokenStream.py", line 111, in sync
    fetched = self.fetch(n)
  File "/usr/local/lib/python3.7/dist-packages/antlr4/BufferedTokenStream.py", line 123, in fetch
    t = self.tokenSource.nextToken()
  File "/usr/local/lib/python3.7/dist-packages/antlr4/Lexer.py", line 128, in nextToken
    ttype = self._interp.match(self._input, self._mode)
  File "/usr/local/lib/python3.7/dist-packages/antlr4/atn/LexerATNSimulator.py", line 99, in match
    return self.execATN(input, dfa.s0)
  File "/usr/local/lib/python3.7/dist-packages/antlr4/atn/LexerATNSimulator.py", line 183, in execATN
    self.captureSimState(self.prevAccept, input, target)
KeyboardInterrupt
