/tmp/tmpnwhuo9ag:27:21-34: info: atom does not occur in any rule head:
  phosphorus(X)

/tmp/tmpnwhuo9ag:28:21-31: info: atom does not occur in any rule head:
  calcium(X)

/tmp/tmpnwhuo9ag:29:21-30: info: atom does not occur in any rule head:
  sulfur(X)

/tmp/tmpnwhuo9ag:30:21-33: info: atom does not occur in any rule head:
  magnesium(X)

/tmp/tmpnwhuo9ag:31:21-33: info: atom does not occur in any rule head:
  aluminium(X)

/tmp/tmpnwhuo9ag:32:21-32: info: atom does not occur in any rule head:
  chromium(X)

/tmp/tmpnwhuo9ag:33:21-28: info: atom does not occur in any rule head:
  iron(X)

/tmp/tmpnwhuo9ag:34:21-33: info: atom does not occur in any rule head:
  manganese(X)

/tmp/tmpnwhuo9ag:35:21-31: info: atom does not occur in any rule head:
  mercury(X)

/tmp/tmpnwhuo9ag:36:21-29: info: atom does not occur in any rule head:
  boron(X)

/tmp/tmpnwhuo9ag:37:21-30: info: atom does not occur in any rule head:
  copper(X)

/tmp/tmpnwhuo9ag:38:21-33: info: atom does not occur in any rule head:
  palladium(X)

/tmp/tmpnwhuo9ag:44:12-23: info: atom does not occur in any rule head:
  nitrogen(X)

/tmp/tmpnwhuo9ag:48:15-26: info: atom does not occur in any rule head:
  chlorine(X)

/tmp/tmpnwhuo9ag:49:15-26: info: atom does not occur in any rule head:
  fluorine(X)

/tmp/tmpnwhuo9ag:50:15-25: info: atom does not occur in any rule head:
  bromine(X)

/tmp/tmpnwhuo9ag:51:15-24: info: atom does not occur in any rule head:
  iodine(X)

/tmp/tmpnwhuo9ag:52:15-26: info: atom does not occur in any rule head:
  astatine(X)

/tmp/tmpnwhuo9ag:53:19-29: info: atom does not occur in any rule head:
  lithium(X)

/tmp/tmpnwhuo9ag:54:19-28: info: atom does not occur in any rule head:
  sodium(X)

