ERROR:root:message
Traceback (most recent call last):
  File "tarski_test.py", line 30, in main
    status = ground_generate_task( domain_file, problem_file, None, verbose, lenient)
  File "/home/anubhav-cs/Github/tarski/tests/classical_planning-test_suite/tarski_util.py", line 105, in ground_generate_task
    read_problem( domain_file, problem_file)
  File "/home/anubhav-cs/Applications/tarski/src/tarski/io/fstrips.py", line 43, in read_problem
    self.parse_domain(domain)
  File "/home/anubhav-cs/Applications/tarski/src/tarski/io/fstrips.py", line 53, in parse_domain
    self.parse_file(filename, 'domain')
  File "/home/anubhav-cs/Applications/tarski/src/tarski/io/fstrips.py", line 50, in parse_file
    self.parser.visit(domain_parse_tree)
  File "/usr/local/lib/python3.7/dist-packages/antlr4/tree/Tree.py", line 34, in visit
    return tree.accept(self)
  File "/home/anubhav-cs/Applications/tarski/src/tarski/io/_fstrips/parser/parser.py", line 803, in accept
    return visitor.visitDomain(self)
  File "/home/anubhav-cs/Applications/tarski/src/tarski/io/_fstrips/parser/visitor.py", line 19, in visitDomain
    return self.visitChildren(ctx)
  File "/usr/local/lib/python3.7/dist-packages/antlr4/tree/Tree.py", line 44, in visitChildren
    childResult = c.accept(self)
  File "/home/anubhav-cs/Applications/tarski/src/tarski/io/_fstrips/parser/parser.py", line 2049, in accept
    return visitor.visitFunction_definition_block(self)
  File "/home/anubhav-cs/Applications/tarski/src/tarski/io/_fstrips/parser/visitor.py", line 119, in visitFunction_definition_block
    return self.visitChildren(ctx)
  File "/usr/local/lib/python3.7/dist-packages/antlr4/tree/Tree.py", line 44, in visitChildren
    childResult = c.accept(self)
  File "/home/anubhav-cs/Applications/tarski/src/tarski/io/_fstrips/parser/parser.py", line 2114, in accept
    return visitor.visitSingle_function_definition(self)
  File "/home/anubhav-cs/Applications/tarski/src/tarski/io/_fstrips/parser/visitor.py", line 124, in visitSingle_function_definition
    return self.visitChildren(ctx)
  File "/usr/local/lib/python3.7/dist-packages/antlr4/tree/Tree.py", line 44, in visitChildren
    childResult = c.accept(self)
  File "/home/anubhav-cs/Applications/tarski/src/tarski/io/_fstrips/parser/parser.py", line 2241, in accept
    return visitor.visitUntyped_function_definition(self)
  File "/home/anubhav-cs/Applications/tarski/src/tarski/io/_fstrips/reader.py", line 153, in visitUntyped_function_definition
    return self.visitTyped_function_definition(ctx, 'number')
  File "/home/anubhav-cs/Applications/tarski/src/tarski/io/_fstrips/reader.py", line 149, in visitTyped_function_definition
    return self.language.function(name, *argument_types, return_type)
  File "/home/anubhav-cs/Applications/tarski/src/tarski/fol.py", line 267, in function
    types = [self._retrieve_sort(a) for a in args]  # Convert possible strings into Sort objects
  File "/home/anubhav-cs/Applications/tarski/src/tarski/fol.py", line 267, in <listcomp>
    types = [self._retrieve_sort(a) for a in args]  # Convert possible strings into Sort objects
  File "/home/anubhav-cs/Applications/tarski/src/tarski/fol.py", line 169, in _retrieve_sort
    return self._retrieve_object(obj, Sort)
  File "/home/anubhav-cs/Applications/tarski/src/tarski/fol.py", line 189, in _retrieve_object
    raise err.UndefinedElement(obj)
tarski.errors.UndefinedElement: Undefined element: number
