ERROR:root:message
Traceback (most recent call last):
  File "tarski_test.py", line 30, in main
    status = ground_generate_task( domain_file, problem_file, None, verbose, lenient)
  File "/home/anubhav-cs/Github/tarski/tests/classical_planning-test_suite/tarski_util.py", line 115, in ground_generate_task
    reachable_action_params =   copy.deepcopy( grounding.ground_actions())
  File "/home/anubhav-cs/Applications/tarski/src/tarski/grounding/lp_grounding.py", line 50, in ground_actions
    model = self._solve_lp()
  File "/home/anubhav-cs/Applications/tarski/src/tarski/grounding/lp_grounding.py", line 61, in _solve_lp
    lp, tr = create_reachability_lp(self.problem, self.do_ground_actions)
  File "/home/anubhav-cs/Applications/tarski/src/tarski/reachability/asp.py", line 22, in create_reachability_lp
    compiler.create()
  File "/home/anubhav-cs/Applications/tarski/src/tarski/reachability/asp.py", line 78, in create
    self.process_action(action, lang, lp)
  File "/home/anubhav-cs/Applications/tarski/src/tarski/reachability/asp.py", line 97, in process_action
    body += self.process_formula(phi)
  File "/home/anubhav-cs/Applications/tarski/src/tarski/reachability/asp.py", line 123, in process_formula
    return list(itertools.chain.from_iterable(self.process_formula(sub) for sub in f.subformulas))
  File "/home/anubhav-cs/Applications/tarski/src/tarski/reachability/asp.py", line 123, in <genexpr>
    return list(itertools.chain.from_iterable(self.process_formula(sub) for sub in f.subformulas))
  File "/home/anubhav-cs/Applications/tarski/src/tarski/reachability/asp.py", line 133, in process_formula
    sub = [self.process_formula(s) for s in f.subformulas]
  File "/home/anubhav-cs/Applications/tarski/src/tarski/reachability/asp.py", line 133, in <listcomp>
    sub = [self.process_formula(s) for s in f.subformulas]
  File "/home/anubhav-cs/Applications/tarski/src/tarski/reachability/asp.py", line 142, in process_formula
    raise RuntimeError("Negation of arbitrary formulas not yet implemented")
RuntimeError: Negation of arbitrary formulas not yet implemented
