ERROR:root:message
Traceback (most recent call last):
  File "tarski_test.py", line 30, in main
    status = ground_generate_task( domain_file, problem_file, None, verbose, lenient)
  File "/home/anubhav-cs/Github/tarski/tests/classical_planning-test_suite/tarski_util.py", line 105, in ground_generate_task
    read_problem( domain_file, problem_file)
  File "/home/anubhav-cs/Applications/tarski/src/tarski/io/fstrips.py", line 43, in read_problem
    self.parse_domain(domain)
  File "/home/anubhav-cs/Applications/tarski/src/tarski/io/fstrips.py", line 53, in parse_domain
    self.parse_file(filename, 'domain')
  File "/home/anubhav-cs/Applications/tarski/src/tarski/io/fstrips.py", line 50, in parse_file
    self.parser.visit(domain_parse_tree)
  File "/usr/local/lib/python3.7/dist-packages/antlr4/tree/Tree.py", line 34, in visit
    return tree.accept(self)
  File "/home/anubhav-cs/Applications/tarski/src/tarski/io/_fstrips/parser/parser.py", line 803, in accept
    return visitor.visitDomain(self)
  File "/home/anubhav-cs/Applications/tarski/src/tarski/io/_fstrips/parser/visitor.py", line 19, in visitDomain
    return self.visitChildren(ctx)
  File "/usr/local/lib/python3.7/dist-packages/antlr4/tree/Tree.py", line 44, in visitChildren
    childResult = c.accept(self)
  File "/home/anubhav-cs/Applications/tarski/src/tarski/io/_fstrips/parser/parser.py", line 2621, in accept
    return visitor.visitStructureDef(self)
  File "/home/anubhav-cs/Applications/tarski/src/tarski/io/_fstrips/parser/visitor.py", line 169, in visitStructureDef
    return self.visitChildren(ctx)
  File "/usr/local/lib/python3.7/dist-packages/antlr4/tree/Tree.py", line 44, in visitChildren
    childResult = c.accept(self)
  File "/home/anubhav-cs/Applications/tarski/src/tarski/io/_fstrips/parser/parser.py", line 2703, in accept
    return visitor.visitActionDef(self)
  File "/home/anubhav-cs/Applications/tarski/src/tarski/io/_fstrips/reader.py", line 184, in visitActionDef
    precondition, effect = self.visit(ctx.actionDefBody())
  File "/usr/local/lib/python3.7/dist-packages/antlr4/tree/Tree.py", line 34, in visit
    return tree.accept(self)
  File "/home/anubhav-cs/Applications/tarski/src/tarski/io/_fstrips/parser/parser.py", line 3070, in accept
    return visitor.visitActionDefBody(self)
  File "/home/anubhav-cs/Applications/tarski/src/tarski/io/_fstrips/reader.py", line 189, in visitActionDefBody
    prec = self.visit(ctx.precondition())
  File "/usr/local/lib/python3.7/dist-packages/antlr4/tree/Tree.py", line 34, in visit
    return tree.accept(self)
  File "/home/anubhav-cs/Applications/tarski/src/tarski/io/_fstrips/parser/parser.py", line 3135, in accept
    return visitor.visitRegularPrecondition(self)
  File "/home/anubhav-cs/Applications/tarski/src/tarski/io/_fstrips/reader.py", line 197, in visitRegularPrecondition
    return self.visit(ctx.goalDesc())
  File "/usr/local/lib/python3.7/dist-packages/antlr4/tree/Tree.py", line 34, in visit
    return tree.accept(self)
  File "/home/anubhav-cs/Applications/tarski/src/tarski/io/_fstrips/parser/parser.py", line 3268, in accept
    return visitor.visitAndGoalDesc(self)
  File "/home/anubhav-cs/Applications/tarski/src/tarski/io/_fstrips/reader.py", line 247, in visitAndGoalDesc
    conjuncts = [self.visit(sub_ctx) for sub_ctx in ctx.goalDesc()]
  File "/home/anubhav-cs/Applications/tarski/src/tarski/io/_fstrips/reader.py", line 247, in <listcomp>
    conjuncts = [self.visit(sub_ctx) for sub_ctx in ctx.goalDesc()]
  File "/usr/local/lib/python3.7/dist-packages/antlr4/tree/Tree.py", line 34, in visit
    return tree.accept(self)
  File "/home/anubhav-cs/Applications/tarski/src/tarski/io/_fstrips/parser/parser.py", line 3353, in accept
    return visitor.visitTermGoalDesc(self)
  File "/home/anubhav-cs/Applications/tarski/src/tarski/io/_fstrips/reader.py", line 206, in visitTermGoalDesc
    return self.visit(ctx.atomicTermFormula())
  File "/usr/local/lib/python3.7/dist-packages/antlr4/tree/Tree.py", line 34, in visit
    return tree.accept(self)
  File "/home/anubhav-cs/Applications/tarski/src/tarski/io/_fstrips/parser/parser.py", line 3624, in accept
    return visitor.visitAtomicTermFormula(self)
  File "/home/anubhav-cs/Applications/tarski/src/tarski/io/_fstrips/reader.py", line 202, in visitAtomicTermFormula
    subterms = [self.visit(term_ctx) for term_ctx in ctx.term()]
  File "/home/anubhav-cs/Applications/tarski/src/tarski/io/_fstrips/reader.py", line 202, in <listcomp>
    subterms = [self.visit(term_ctx) for term_ctx in ctx.term()]
  File "/usr/local/lib/python3.7/dist-packages/antlr4/tree/Tree.py", line 34, in visit
    return tree.accept(self)
  File "/home/anubhav-cs/Applications/tarski/src/tarski/io/_fstrips/parser/parser.py", line 3697, in accept
    return visitor.visitTermObject(self)
  File "/home/anubhav-cs/Applications/tarski/src/tarski/io/_fstrips/reader.py", line 210, in visitTermObject
    return self.language.get_constant(name)
  File "/home/anubhav-cs/Applications/tarski/src/tarski/fol.py", line 222, in get_constant
    raise err.UndefinedConstant(name)
tarski.errors.UndefinedConstant: Undefined element: wrench
